{"/Users/jen/Websites/Rithm/express-shopping-list/app.js": {"path":"/Users/jen/Websites/Rithm/express-shopping-list/app.js","statementMap":{"0":{"start":{"line":2,"column":16},"end":{"line":2,"column":34}},"1":{"start":{"line":3,"column":19},"end":{"line":3,"column":42}},"2":{"start":{"line":4,"column":12},"end":{"line":4,"column":21}},"3":{"start":{"line":6,"column":43},"end":{"line":6,"column":68}},"4":{"start":{"line":9,"column":0},"end":{"line":9,"column":24}},"5":{"start":{"line":10,"column":0},"end":{"line":10,"column":30}},"6":{"start":{"line":13,"column":0},"end":{"line":13,"column":30}},"7":{"start":{"line":17,"column":0},"end":{"line":19,"column":3}},"8":{"start":{"line":18,"column":2},"end":{"line":18,"column":28}},"9":{"start":{"line":22,"column":0},"end":{"line":27,"column":3}},"10":{"start":{"line":23,"column":17},"end":{"line":23,"column":34}},"11":{"start":{"line":24,"column":18},"end":{"line":24,"column":29}},"12":{"start":{"line":25,"column":2},"end":{"line":25,"column":72}},"13":{"start":{"line":25,"column":39},"end":{"line":25,"column":72}},"14":{"start":{"line":26,"column":2},"end":{"line":26,"column":65}},"15":{"start":{"line":29,"column":0},"end":{"line":29,"column":21}}},"fnMap":{"0":{"name":"(anonymous_0)","decl":{"start":{"line":17,"column":8},"end":{"line":17,"column":9}},"loc":{"start":{"line":17,"column":28},"end":{"line":19,"column":1}},"line":17},"1":{"name":"(anonymous_1)","decl":{"start":{"line":22,"column":8},"end":{"line":22,"column":9}},"loc":{"start":{"line":22,"column":39},"end":{"line":27,"column":1}},"line":22}},"branchMap":{"0":{"loc":{"start":{"line":23,"column":17},"end":{"line":23,"column":34}},"type":"binary-expr","locations":[{"start":{"line":23,"column":17},"end":{"line":23,"column":27}},{"start":{"line":23,"column":31},"end":{"line":23,"column":34}}],"line":23},"1":{"loc":{"start":{"line":25,"column":2},"end":{"line":25,"column":72}},"type":"if","locations":[{"start":{"line":25,"column":2},"end":{"line":25,"column":72}},{"start":{},"end":{}}],"line":25}},"s":{"0":1,"1":1,"2":1,"3":1,"4":1,"5":1,"6":1,"7":1,"8":0,"9":1,"10":0,"11":0,"12":0,"13":0,"14":0,"15":1},"f":{"0":0,"1":0},"b":{"0":[0,0],"1":[0,0]},"_coverageSchema":"1a1c01bbd47fc00a2c39e90264f33305004495a9","hash":"0642bb530bf343e925b8f2a900570a0070314573"}
,"/Users/jen/Websites/Rithm/express-shopping-list/expressError.js": {"path":"/Users/jen/Websites/Rithm/express-shopping-list/expressError.js","statementMap":{"0":{"start":{"line":9,"column":4},"end":{"line":9,"column":12}},"1":{"start":{"line":10,"column":4},"end":{"line":10,"column":27}},"2":{"start":{"line":11,"column":4},"end":{"line":11,"column":25}},"3":{"start":{"line":19,"column":4},"end":{"line":19,"column":24}},"4":{"start":{"line":27,"column":4},"end":{"line":27,"column":24}},"5":{"start":{"line":35,"column":4},"end":{"line":35,"column":24}},"6":{"start":{"line":43,"column":4},"end":{"line":43,"column":24}},"7":{"start":{"line":47,"column":0},"end":{"line":53,"column":2}}},"fnMap":{"0":{"name":"(anonymous_0)","decl":{"start":{"line":8,"column":2},"end":{"line":8,"column":3}},"loc":{"start":{"line":8,"column":31},"end":{"line":12,"column":3}},"line":8},"1":{"name":"(anonymous_1)","decl":{"start":{"line":18,"column":2},"end":{"line":18,"column":3}},"loc":{"start":{"line":18,"column":37},"end":{"line":20,"column":3}},"line":18},"2":{"name":"(anonymous_2)","decl":{"start":{"line":26,"column":2},"end":{"line":26,"column":3}},"loc":{"start":{"line":26,"column":40},"end":{"line":28,"column":3}},"line":26},"3":{"name":"(anonymous_3)","decl":{"start":{"line":34,"column":2},"end":{"line":34,"column":3}},"loc":{"start":{"line":34,"column":39},"end":{"line":36,"column":3}},"line":34},"4":{"name":"(anonymous_4)","decl":{"start":{"line":42,"column":2},"end":{"line":42,"column":3}},"loc":{"start":{"line":42,"column":39},"end":{"line":44,"column":3}},"line":42}},"branchMap":{"0":{"loc":{"start":{"line":18,"column":14},"end":{"line":18,"column":35}},"type":"default-arg","locations":[{"start":{"line":18,"column":24},"end":{"line":18,"column":35}}],"line":18},"1":{"loc":{"start":{"line":26,"column":14},"end":{"line":26,"column":38}},"type":"default-arg","locations":[{"start":{"line":26,"column":24},"end":{"line":26,"column":38}}],"line":26},"2":{"loc":{"start":{"line":34,"column":14},"end":{"line":34,"column":37}},"type":"default-arg","locations":[{"start":{"line":34,"column":24},"end":{"line":34,"column":37}}],"line":34},"3":{"loc":{"start":{"line":42,"column":14},"end":{"line":42,"column":37}},"type":"default-arg","locations":[{"start":{"line":42,"column":24},"end":{"line":42,"column":37}}],"line":42}},"s":{"0":0,"1":0,"2":0,"3":0,"4":0,"5":0,"6":0,"7":1},"f":{"0":0,"1":0,"2":0,"3":0,"4":0},"b":{"0":[0],"1":[0],"2":[0],"3":[0]},"_coverageSchema":"1a1c01bbd47fc00a2c39e90264f33305004495a9","hash":"1adcda31920ec401d416165b480c90fdeb50ec46"}
,"/Users/jen/Websites/Rithm/express-shopping-list/fakeDb.js": {"path":"/Users/jen/Websites/Rithm/express-shopping-list/fakeDb.js","statementMap":{"0":{"start":{"line":1,"column":14},"end":{"line":4,"column":1}},"1":{"start":{"line":6,"column":0},"end":{"line":6,"column":27}}},"fnMap":{},"branchMap":{},"s":{"0":1,"1":1},"f":{},"b":{},"_coverageSchema":"1a1c01bbd47fc00a2c39e90264f33305004495a9","hash":"d6e1eb987618fdb2d8a932a02aab55dea2d1e031"}
,"/Users/jen/Websites/Rithm/express-shopping-list/itemRoutes.js": {"path":"/Users/jen/Websites/Rithm/express-shopping-list/itemRoutes.js","statementMap":{"0":{"start":{"line":2,"column":16},"end":{"line":2,"column":34}},"1":{"start":{"line":3,"column":15},"end":{"line":3,"column":35}},"2":{"start":{"line":4,"column":42},"end":{"line":4,"column":67}},"3":{"start":{"line":5,"column":18},"end":{"line":5,"column":37}},"4":{"start":{"line":13,"column":0},"end":{"line":16,"column":2}},"5":{"start":{"line":14,"column":2},"end":{"line":15,"column":17}},"6":{"start":{"line":22,"column":0},"end":{"line":35,"column":2}},"7":{"start":{"line":24,"column":18},"end":{"line":24,"column":26}},"8":{"start":{"line":26,"column":2},"end":{"line":34,"column":3}},"9":{"start":{"line":27,"column":4},"end":{"line":27,"column":63}},"10":{"start":{"line":29,"column":4},"end":{"line":29,"column":24}},"11":{"start":{"line":31,"column":4},"end":{"line":33,"column":29}},"12":{"start":{"line":41,"column":0},"end":{"line":52,"column":2}},"13":{"start":{"line":42,"column":21},"end":{"line":42,"column":36}},"14":{"start":{"line":44,"column":2},"end":{"line":49,"column":3}},"15":{"start":{"line":45,"column":4},"end":{"line":48,"column":5}},"16":{"start":{"line":46,"column":6},"end":{"line":47,"column":17}},"17":{"start":{"line":51,"column":2},"end":{"line":51,"column":68}},"18":{"start":{"line":57,"column":0},"end":{"line":71,"column":2}},"19":{"start":{"line":59,"column":18},"end":{"line":59,"column":31}},"20":{"start":{"line":60,"column":18},"end":{"line":60,"column":33}},"21":{"start":{"line":61,"column":2},"end":{"line":69,"column":3}},"22":{"start":{"line":62,"column":4},"end":{"line":68,"column":5}},"23":{"start":{"line":63,"column":8},"end":{"line":66,"column":9}},"24":{"start":{"line":67,"column":8},"end":{"line":67,"column":42}},"25":{"start":{"line":70,"column":2},"end":{"line":70,"column":68}},"26":{"start":{"line":75,"column":0},"end":{"line":87,"column":2}},"27":{"start":{"line":77,"column":18},"end":{"line":77,"column":33}},"28":{"start":{"line":78,"column":2},"end":{"line":84,"column":1}},"29":{"start":{"line":78,"column":14},"end":{"line":78,"column":15}},"30":{"start":{"line":79,"column":4},"end":{"line":83,"column":3}},"31":{"start":{"line":80,"column":6},"end":{"line":80,"column":24}},"32":{"start":{"line":81,"column":6},"end":{"line":81,"column":24}},"33":{"start":{"line":82,"column":6},"end":{"line":82,"column":45}},"34":{"start":{"line":86,"column":2},"end":{"line":86,"column":68}},"35":{"start":{"line":89,"column":0},"end":{"line":89,"column":24}}},"fnMap":{"0":{"name":"(anonymous_0)","decl":{"start":{"line":13,"column":16},"end":{"line":13,"column":17}},"loc":{"start":{"line":13,"column":36},"end":{"line":16,"column":1}},"line":13},"1":{"name":"(anonymous_1)","decl":{"start":{"line":22,"column":17},"end":{"line":22,"column":18}},"loc":{"start":{"line":22,"column":37},"end":{"line":35,"column":1}},"line":22},"2":{"name":"(anonymous_2)","decl":{"start":{"line":41,"column":21},"end":{"line":41,"column":22}},"loc":{"start":{"line":41,"column":41},"end":{"line":52,"column":1}},"line":41},"3":{"name":"(anonymous_3)","decl":{"start":{"line":57,"column":23},"end":{"line":57,"column":24}},"loc":{"start":{"line":57,"column":42},"end":{"line":71,"column":1}},"line":57},"4":{"name":"(anonymous_4)","decl":{"start":{"line":75,"column":24},"end":{"line":75,"column":25}},"loc":{"start":{"line":75,"column":43},"end":{"line":87,"column":1}},"line":75}},"branchMap":{"0":{"loc":{"start":{"line":26,"column":2},"end":{"line":34,"column":3}},"type":"if","locations":[{"start":{"line":26,"column":2},"end":{"line":34,"column":3}},{"start":{"line":28,"column":9},"end":{"line":34,"column":3}}],"line":26},"1":{"loc":{"start":{"line":45,"column":4},"end":{"line":48,"column":5}},"type":"if","locations":[{"start":{"line":45,"column":4},"end":{"line":48,"column":5}},{"start":{},"end":{}}],"line":45},"2":{"loc":{"start":{"line":62,"column":4},"end":{"line":68,"column":5}},"type":"if","locations":[{"start":{"line":62,"column":4},"end":{"line":68,"column":5}},{"start":{},"end":{}}],"line":62},"3":{"loc":{"start":{"line":79,"column":4},"end":{"line":83,"column":3}},"type":"if","locations":[{"start":{"line":79,"column":4},"end":{"line":83,"column":3}},{"start":{},"end":{}}],"line":79}},"s":{"0":1,"1":1,"2":1,"3":1,"4":1,"5":1,"6":1,"7":0,"8":0,"9":0,"10":0,"11":0,"12":1,"13":0,"14":0,"15":0,"16":0,"17":0,"18":1,"19":0,"20":0,"21":0,"22":0,"23":0,"24":0,"25":0,"26":1,"27":0,"28":0,"29":0,"30":0,"31":0,"32":0,"33":0,"34":0,"35":1},"f":{"0":1,"1":0,"2":0,"3":0,"4":0},"b":{"0":[0,0],"1":[0,0],"2":[0,0],"3":[0,0]},"_coverageSchema":"1a1c01bbd47fc00a2c39e90264f33305004495a9","hash":"4b752d3c67f50d1fb1cc8d1204a931ed53ed353b"}
}
